<?xml version="1.0" encoding="UTF-8"?>
<testsuite xmlns:xsi="http://www.w3.org/2001/XMLSchema-instance" xsi:noNamespaceSchemaLocation="https://maven.apache.org/surefire/maven-surefire-plugin/xsd/surefire-test-report-3.0.xsd" version="3.0" name="br.com.TP1.CalculoIMCTest" time="0.051" tests="11" errors="0" skipped="0" failures="0">
  <properties>
    <property name="java.specification.version" value="21"/>
    <property name="sun.cpu.isalist" value="amd64"/>
    <property name="sun.jnu.encoding" value="Cp1252"/>
    <property name="java.class.path" value="D:\Java\1 - Engenharia de testes\Trabalhos\TP1\TP1\target\test-classes;D:\Java\1 - Engenharia de testes\Trabalhos\TP1\TP1\target\classes;C:\Users\diego\.m2\repository\org\junit\jupiter\junit-jupiter-api\5.10.2\junit-jupiter-api-5.10.2.jar;C:\Users\diego\.m2\repository\org\opentest4j\opentest4j\1.3.0\opentest4j-1.3.0.jar;C:\Users\diego\.m2\repository\org\junit\platform\junit-platform-commons\1.10.2\junit-platform-commons-1.10.2.jar;C:\Users\diego\.m2\repository\org\apiguardian\apiguardian-api\1.1.2\apiguardian-api-1.1.2.jar;C:\Users\diego\.m2\repository\org\junit\jupiter\junit-jupiter-engine\5.10.2\junit-jupiter-engine-5.10.2.jar;C:\Users\diego\.m2\repository\org\junit\platform\junit-platform-engine\1.10.2\junit-platform-engine-1.10.2.jar;C:\Users\diego\.m2\repository\net\jqwik\jqwik\1.9.3\jqwik-1.9.3.jar;C:\Users\diego\.m2\repository\net\jqwik\jqwik-api\1.9.3\jqwik-api-1.9.3.jar;C:\Users\diego\.m2\repository\net\jqwik\jqwik-web\1.9.3\jqwik-web-1.9.3.jar;C:\Users\diego\.m2\repository\net\jqwik\jqwik-time\1.9.3\jqwik-time-1.9.3.jar;C:\Users\diego\.m2\repository\net\jqwik\jqwik-engine\1.9.3\jqwik-engine-1.9.3.jar;"/>
    <property name="java.vm.vendor" value="Oracle Corporation"/>
    <property name="sun.arch.data.model" value="64"/>
    <property name="user.variant" value=""/>
    <property name="java.vendor.url" value="https://java.oracle.com/"/>
    <property name="user.timezone" value="America/Sao_Paulo"/>
    <property name="os.name" value="Windows 11"/>
    <property name="java.vm.specification.version" value="21"/>
    <property name="sun.java.launcher" value="SUN_STANDARD"/>
    <property name="user.country" value="BR"/>
    <property name="sun.boot.library.path" value="C:\Program Files\Java\jdk-21\bin"/>
    <property name="sun.java.command" value="C:\Users\diego\AppData\Local\Temp\surefire3160917516675169148\surefirebooter-20251019104816861_3.jar C:\Users\diego\AppData\Local\Temp\surefire3160917516675169148 2025-10-19T10-48-16_774-jvmRun1 surefire-20251019104816861_1tmp surefire_0-20251019104816861_2tmp"/>
    <property name="jdk.debug" value="release"/>
    <property name="surefire.test.class.path" value="D:\Java\1 - Engenharia de testes\Trabalhos\TP1\TP1\target\test-classes;D:\Java\1 - Engenharia de testes\Trabalhos\TP1\TP1\target\classes;C:\Users\diego\.m2\repository\org\junit\jupiter\junit-jupiter-api\5.10.2\junit-jupiter-api-5.10.2.jar;C:\Users\diego\.m2\repository\org\opentest4j\opentest4j\1.3.0\opentest4j-1.3.0.jar;C:\Users\diego\.m2\repository\org\junit\platform\junit-platform-commons\1.10.2\junit-platform-commons-1.10.2.jar;C:\Users\diego\.m2\repository\org\apiguardian\apiguardian-api\1.1.2\apiguardian-api-1.1.2.jar;C:\Users\diego\.m2\repository\org\junit\jupiter\junit-jupiter-engine\5.10.2\junit-jupiter-engine-5.10.2.jar;C:\Users\diego\.m2\repository\org\junit\platform\junit-platform-engine\1.10.2\junit-platform-engine-1.10.2.jar;C:\Users\diego\.m2\repository\net\jqwik\jqwik\1.9.3\jqwik-1.9.3.jar;C:\Users\diego\.m2\repository\net\jqwik\jqwik-api\1.9.3\jqwik-api-1.9.3.jar;C:\Users\diego\.m2\repository\net\jqwik\jqwik-web\1.9.3\jqwik-web-1.9.3.jar;C:\Users\diego\.m2\repository\net\jqwik\jqwik-time\1.9.3\jqwik-time-1.9.3.jar;C:\Users\diego\.m2\repository\net\jqwik\jqwik-engine\1.9.3\jqwik-engine-1.9.3.jar;"/>
    <property name="sun.cpu.endian" value="little"/>
    <property name="user.home" value="C:\Users\diego"/>
    <property name="user.language" value="pt"/>
    <property name="java.specification.vendor" value="Oracle Corporation"/>
    <property name="java.version.date" value="2025-07-15"/>
    <property name="java.home" value="C:\Program Files\Java\jdk-21"/>
    <property name="file.separator" value="\"/>
    <property name="basedir" value="D:\Java\1 - Engenharia de testes\Trabalhos\TP1\TP1"/>
    <property name="java.vm.compressedOopsMode" value="Zero based"/>
    <property name="line.separator" value="&#10;"/>
    <property name="java.vm.specification.vendor" value="Oracle Corporation"/>
    <property name="java.specification.name" value="Java Platform API Specification"/>
    <property name="surefire.real.class.path" value="C:\Users\diego\AppData\Local\Temp\surefire3160917516675169148\surefirebooter-20251019104816861_3.jar"/>
    <property name="user.script" value=""/>
    <property name="sun.management.compiler" value="HotSpot 64-Bit Tiered Compilers"/>
    <property name="java.runtime.version" value="21.0.8+12-LTS-250"/>
    <property name="user.name" value="diego"/>
    <property name="stdout.encoding" value="Cp1252"/>
    <property name="path.separator" value=";"/>
    <property name="os.version" value="10.0"/>
    <property name="java.runtime.name" value="Java(TM) SE Runtime Environment"/>
    <property name="file.encoding" value="UTF-8"/>
    <property name="java.vm.name" value="Java HotSpot(TM) 64-Bit Server VM"/>
    <property name="localRepository" value="C:\Users\diego\.m2\repository"/>
    <property name="java.vendor.url.bug" value="https://bugreport.java.com/bugreport/"/>
    <property name="java.io.tmpdir" value="C:\Users\diego\AppData\Local\Temp\"/>
    <property name="java.version" value="21.0.8"/>
    <property name="user.dir" value="D:\Java\1 - Engenharia de testes\Trabalhos\TP1\TP1"/>
    <property name="os.arch" value="amd64"/>
    <property name="java.vm.specification.name" value="Java Virtual Machine Specification"/>
    <property name="sun.os.patch.level" value=""/>
    <property name="native.encoding" value="Cp1252"/>
    <property name="java.library.path" value="C:\Program Files\Java\jdk-21\bin;C:\WINDOWS\Sun\Java\bin;C:\WINDOWS\system32;C:\WINDOWS;C:\Program Files\Common Files\Oracle\Java\javapath;C:\WINDOWS\system32;C:\WINDOWS;C:\WINDOWS\System32\Wbem;C:\WINDOWS\System32\WindowsPowerShell\v1.0\;C:\WINDOWS\System32\OpenSSH\;C:\Program Files\dotnet\;C:\Windows.old\Users\diego\AppData\Local\Programs\Python\Python312;C:\Program Files\Git\cmd;C:\dev\apache-maven-3.9.11\bin;C:\Program Files\MySQL\MySQL Shell 8.0\bin\;C:\Users\diego\AppData\Local\Programs\Python\Launcher\;C:\Users\diego\AppData\Local\Microsoft\WindowsApps;C:\Users\diego\AppData\Local\Programs\Microsoft VS Code\bin;C:\Program Files\JetBrains\IntelliJ IDEA 2025.2.3\bin;."/>
    <property name="java.vm.info" value="mixed mode, sharing"/>
    <property name="stderr.encoding" value="Cp1252"/>
    <property name="java.vendor" value="Oracle Corporation"/>
    <property name="java.vm.version" value="21.0.8+12-LTS-250"/>
    <property name="sun.io.unicode.encoding" value="UnicodeLittle"/>
    <property name="java.class.version" value="65.0"/>
  </properties>
  <testcase name="testaCalculoPesoCorreto" classname="br.com.TP1.CalculoIMCTest" time="0.022"/>
  <testcase name="testaClassificacaoObesidadeGrauIII" classname="br.com.TP1.CalculoIMCTest" time="0.0"/>
  <testcase name="testaClassificacaoMagrezaModerada" classname="br.com.TP1.CalculoIMCTest" time="0.001"/>
  <testcase name="testaClassificacaoObesidadeGrauII" classname="br.com.TP1.CalculoIMCTest" time="0.001"/>
  <testcase name="testaAlturaZeroLancaExcecao" classname="br.com.TP1.CalculoIMCTest" time="0.002"/>
  <testcase name="testaClassificacaoObesidadeGrauI" classname="br.com.TP1.CalculoIMCTest" time="0.0"/>
  <testcase name="testaClassificacaoSaudavel" classname="br.com.TP1.CalculoIMCTest" time="0.001"/>
  <testcase name="testaClassificacaoSobrepeso" classname="br.com.TP1.CalculoIMCTest" time="0.001"/>
  <testcase name="testaPesoZeroLancaExcecao" classname="br.com.TP1.CalculoIMCTest" time="0.001"/>
  <testcase name="testaClassificacaoMagrezaLeve" classname="br.com.TP1.CalculoIMCTest" time="0.0"/>
  <testcase name="testaClassificacaoMagrezaGrave" classname="br.com.TP1.CalculoIMCTest" time="0.0"/>
</testsuite>